<?xml version="1.0" encoding="UTF-8"?>
<testng-results ignored="0" total="1" passed="1" failed="0" skipped="0">
  <reporter-output>
  </reporter-output>
  <suite started-at="2024-12-06T01:34:21 IST" name="Default suite" finished-at="2024-12-06T01:34:25 IST" duration-ms="4426">
    <groups>
    </groups>
    <test started-at="2024-12-06T01:34:21 IST" name="Default test" finished-at="2024-12-06T01:34:25 IST" duration-ms="4426">
      <class name="updateprofile.updateprofile">
        <test-method signature="updateNaukriTest()[pri:0, instance:updateprofile.updateprofile@7f3b84b8]" started-at="2024-12-06T01:34:21 IST" name="updateNaukriTest" finished-at="2024-12-06T01:34:25 IST" duration-ms="4340" status="PASS">
          <reporter-output>
          </reporter-output>
        </test-method> <!-- updateNaukriTest -->
      </class> <!-- updateprofile.updateprofile -->
    </test> <!-- Default test -->
  </suite> <!-- Default suite -->
</testng-results>
